<?xml version="1.0" encoding="UTF-8"?>
<robot generator="Robot 4.0.3 (Python 3.8.5 on win32)" generated="20210707 19:51:07.164" rpa="false" schemaversion="2">
<suite id="s1" name="Login Form" source="C:\qaninja\robot\web\tests\login_form.robot">
<test id="s1-t1" name="Login com sucesso">
<kw name="Nova sessão" library="base" type="SETUP">
<kw name="Open Browser" library="SeleniumLibrary">
<arg>${url}</arg>
<arg>chrome</arg>
<doc>Opens a new browser instance to the optional ``url``.</doc>
<msg timestamp="20210707 19:51:07.741" level="INFO">Opening browser 'chrome' to base url 'https://training-wheels-protocol.herokuapp.com/'.</msg>
<status status="PASS" starttime="20210707 19:51:07.741" endtime="20210707 19:51:12.741"/>
</kw>
<status status="PASS" starttime="20210707 19:51:07.740" endtime="20210707 19:51:12.741"/>
</kw>
<kw name="Go To" library="SeleniumLibrary">
<arg>${url}/login</arg>
<doc>Navigates the current browser window to the provided ``url``.</doc>
<msg timestamp="20210707 19:51:12.763" level="INFO">Opening url 'https://training-wheels-protocol.herokuapp.com//login'</msg>
<status status="PASS" starttime="20210707 19:51:12.762" endtime="20210707 19:51:13.706"/>
</kw>
<kw name="Login With">
<arg>stark</arg>
<arg>jarvis!</arg>
<kw name="Input Text" library="SeleniumLibrary">
<arg>css:input[name=username]</arg>
<arg>stark</arg>
<doc>Types the given ``text`` into the text field identified by ``locator``.</doc>
<msg timestamp="20210707 19:51:13.716" level="INFO">Typing text 'stark' into text field 'css:input[name=username]'.</msg>
<status status="PASS" starttime="20210707 19:51:13.715" endtime="20210707 19:51:13.900"/>
</kw>
<kw name="Input Text" library="SeleniumLibrary">
<arg>css:input[name=password]</arg>
<arg>jarvis!</arg>
<doc>Types the given ``text`` into the text field identified by ``locator``.</doc>
<msg timestamp="20210707 19:51:13.901" level="INFO">Typing text 'jarvis!' into text field 'css:input[name=password]'.</msg>
<status status="PASS" starttime="20210707 19:51:13.900" endtime="20210707 19:51:14.102"/>
</kw>
<kw name="Click Element" library="SeleniumLibrary">
<arg>class:btn-login</arg>
<doc>Click the element identified by ``locator``.</doc>
<msg timestamp="20210707 19:51:14.103" level="INFO">Clicking element 'class:btn-login'.</msg>
<status status="PASS" starttime="20210707 19:51:14.102" endtime="20210707 19:51:14.848"/>
</kw>
<status status="PASS" starttime="20210707 19:51:13.714" endtime="20210707 19:51:14.848"/>
</kw>
<kw name="Click Element" library="SeleniumLibrary">
<arg>class:btn-login</arg>
<doc>Click the element identified by ``locator``.</doc>
<msg timestamp="20210707 19:51:14.856" level="INFO">Clicking element 'class:btn-login'.</msg>
<kw name="Capture Page Screenshot" library="SeleniumLibrary">
<doc>Takes a screenshot of the current page and embeds it into a log file.</doc>
<msg timestamp="20210707 19:51:15.156" level="INFO" html="true">&lt;/td&gt;&lt;/tr&gt;&lt;tr&gt;&lt;td colspan="3"&gt;&lt;a href="selenium-screenshot-60.png"&gt;&lt;img src="selenium-screenshot-60.png" width="800px"&gt;&lt;/a&gt;</msg>
<status status="PASS" starttime="20210707 19:51:14.881" endtime="20210707 19:51:15.156"/>
</kw>
<msg timestamp="20210707 19:51:15.166" level="FAIL">Element with locator 'class:btn-login' not found.</msg>
<status status="FAIL" starttime="20210707 19:51:14.856" endtime="20210707 19:51:15.166"/>
</kw>
<kw name="Should See Logged User">
<arg>Tony Stark</arg>
<status status="NOT RUN" starttime="20210707 19:51:15.167" endtime="20210707 19:51:15.167"/>
</kw>
<kw name="Encerra sessão" library="base" type="TEARDOWN">
<kw name="Capture Page Screenshot" library="SeleniumLibrary">
<doc>Takes a screenshot of the current page and embeds it into a log file.</doc>
<msg timestamp="20210707 19:51:15.382" level="INFO" html="true">&lt;/td&gt;&lt;/tr&gt;&lt;tr&gt;&lt;td colspan="3"&gt;&lt;a href="selenium-screenshot-61.png"&gt;&lt;img src="selenium-screenshot-61.png" width="800px"&gt;&lt;/a&gt;</msg>
<status status="PASS" starttime="20210707 19:51:15.169" endtime="20210707 19:51:15.382"/>
</kw>
<kw name="Close Browser" library="SeleniumLibrary">
<doc>Closes the current browser.</doc>
<status status="PASS" starttime="20210707 19:51:15.382" endtime="20210707 19:51:19.519"/>
</kw>
<status status="PASS" starttime="20210707 19:51:15.168" endtime="20210707 19:51:19.520"/>
</kw>
<status status="FAIL" starttime="20210707 19:51:07.739" endtime="20210707 19:51:19.520">Element with locator 'class:btn-login' not found.</status>
</test>
<test id="s1-t2" name="Senha invalida">
<kw name="Nova sessão" library="base" type="SETUP">
<kw name="Open Browser" library="SeleniumLibrary">
<arg>${url}</arg>
<arg>chrome</arg>
<doc>Opens a new browser instance to the optional ``url``.</doc>
<msg timestamp="20210707 19:51:19.524" level="INFO">Opening browser 'chrome' to base url 'https://training-wheels-protocol.herokuapp.com/'.</msg>
<status status="PASS" starttime="20210707 19:51:19.524" endtime="20210707 19:51:27.279"/>
</kw>
<status status="PASS" starttime="20210707 19:51:19.523" endtime="20210707 19:51:27.279"/>
</kw>
<kw name="Go To" library="SeleniumLibrary">
<arg>${url}/login</arg>
<doc>Navigates the current browser window to the provided ``url``.</doc>
<msg timestamp="20210707 19:51:27.281" level="INFO">Opening url 'https://training-wheels-protocol.herokuapp.com//login'</msg>
<status status="PASS" starttime="20210707 19:51:27.280" endtime="20210707 19:51:28.027"/>
</kw>
<kw name="Login With">
<arg>stark</arg>
<arg>acb123!</arg>
<kw name="Input Text" library="SeleniumLibrary">
<arg>css:input[name=username]</arg>
<arg>stark</arg>
<doc>Types the given ``text`` into the text field identified by ``locator``.</doc>
<msg timestamp="20210707 19:51:28.031" level="INFO">Typing text 'stark' into text field 'css:input[name=username]'.</msg>
<status status="PASS" starttime="20210707 19:51:28.030" endtime="20210707 19:51:28.200"/>
</kw>
<kw name="Input Text" library="SeleniumLibrary">
<arg>css:input[name=password]</arg>
<arg>jarvis!</arg>
<doc>Types the given ``text`` into the text field identified by ``locator``.</doc>
<msg timestamp="20210707 19:51:28.200" level="INFO">Typing text 'jarvis!' into text field 'css:input[name=password]'.</msg>
<status status="PASS" starttime="20210707 19:51:28.200" endtime="20210707 19:51:28.372"/>
</kw>
<kw name="Click Element" library="SeleniumLibrary">
<arg>class:btn-login</arg>
<doc>Click the element identified by ``locator``.</doc>
<msg timestamp="20210707 19:51:28.373" level="INFO">Clicking element 'class:btn-login'.</msg>
<status status="PASS" starttime="20210707 19:51:28.372" endtime="20210707 19:51:29.021"/>
</kw>
<status status="PASS" starttime="20210707 19:51:28.029" endtime="20210707 19:51:29.022"/>
</kw>
<kw name="Get WebElement" library="SeleniumLibrary">
<var>${message}</var>
<arg>id:flash</arg>
<doc>Returns the first WebElement matching the given ``locator``.</doc>
<msg timestamp="20210707 19:51:29.047" level="INFO">${message} = &lt;selenium.webdriver.remote.webelement.WebElement (session="69ceca60c4d64275920447c691464612", element="635a3e73-49b8-4c07-833e-b479200ce430")&gt;</msg>
<status status="PASS" starttime="20210707 19:51:29.023" endtime="20210707 19:51:29.047"/>
</kw>
<kw name="Should Contain Login Alert">
<arg>Senha é invalida!</arg>
<kw name="Get WebElement" library="SeleniumLibrary">
<var>${message}</var>
<arg>id:flash</arg>
<doc>Returns the first WebElement matching the given ``locator``.</doc>
<msg timestamp="20210707 19:51:29.060" level="INFO">${message} = &lt;selenium.webdriver.remote.webelement.WebElement (session="69ceca60c4d64275920447c691464612", element="635a3e73-49b8-4c07-833e-b479200ce430")&gt;</msg>
<status status="PASS" starttime="20210707 19:51:29.048" endtime="20210707 19:51:29.060"/>
</kw>
<kw name="Should Contain" library="BuiltIn">
<arg>${message}</arg>
<arg>Senha é invalida!</arg>
<doc>Fails if ``container`` does not contain ``item`` one or more times.</doc>
<msg timestamp="20210707 19:51:29.061" level="FAIL">TypeError: argument of type 'WebElement' is not iterable</msg>
<status status="FAIL" starttime="20210707 19:51:29.060" endtime="20210707 19:51:29.062"/>
</kw>
<status status="FAIL" starttime="20210707 19:51:29.047" endtime="20210707 19:51:29.062"/>
</kw>
<kw name="Encerra sessão" library="base" type="TEARDOWN">
<kw name="Capture Page Screenshot" library="SeleniumLibrary">
<doc>Takes a screenshot of the current page and embeds it into a log file.</doc>
<msg timestamp="20210707 19:51:29.291" level="INFO" html="true">&lt;/td&gt;&lt;/tr&gt;&lt;tr&gt;&lt;td colspan="3"&gt;&lt;a href="selenium-screenshot-62.png"&gt;&lt;img src="selenium-screenshot-62.png" width="800px"&gt;&lt;/a&gt;</msg>
<status status="PASS" starttime="20210707 19:51:29.064" endtime="20210707 19:51:29.292"/>
</kw>
<kw name="Close Browser" library="SeleniumLibrary">
<doc>Closes the current browser.</doc>
<status status="PASS" starttime="20210707 19:51:29.292" endtime="20210707 19:51:31.780"/>
</kw>
<status status="PASS" starttime="20210707 19:51:29.063" endtime="20210707 19:51:31.781"/>
</kw>
<tag>login_error</tag>
<status status="FAIL" starttime="20210707 19:51:19.523" endtime="20210707 19:51:31.782">TypeError: argument of type 'WebElement' is not iterable</status>
</test>
<test id="s1-t3" name="Usuario não existe">
<kw name="Nova sessão" library="base" type="SETUP">
<kw name="Open Browser" library="SeleniumLibrary">
<arg>${url}</arg>
<arg>chrome</arg>
<doc>Opens a new browser instance to the optional ``url``.</doc>
<msg timestamp="20210707 19:51:31.797" level="INFO">Opening browser 'chrome' to base url 'https://training-wheels-protocol.herokuapp.com/'.</msg>
<status status="PASS" starttime="20210707 19:51:31.796" endtime="20210707 19:51:38.505"/>
</kw>
<status status="PASS" starttime="20210707 19:51:31.793" endtime="20210707 19:51:38.506"/>
</kw>
<kw name="Go To" library="SeleniumLibrary">
<arg>${url}/login</arg>
<doc>Navigates the current browser window to the provided ``url``.</doc>
<msg timestamp="20210707 19:51:38.513" level="INFO">Opening url 'https://training-wheels-protocol.herokuapp.com//login'</msg>
<status status="PASS" starttime="20210707 19:51:38.512" endtime="20210707 19:51:39.266"/>
</kw>
<kw name="Login With">
<arg>papito</arg>
<arg>123456</arg>
<kw name="Input Text" library="SeleniumLibrary">
<arg>css:input[name=username]</arg>
<arg>stark</arg>
<doc>Types the given ``text`` into the text field identified by ``locator``.</doc>
<msg timestamp="20210707 19:51:39.269" level="INFO">Typing text 'stark' into text field 'css:input[name=username]'.</msg>
<status status="PASS" starttime="20210707 19:51:39.268" endtime="20210707 19:51:39.432"/>
</kw>
<kw name="Input Text" library="SeleniumLibrary">
<arg>css:input[name=password]</arg>
<arg>jarvis!</arg>
<doc>Types the given ``text`` into the text field identified by ``locator``.</doc>
<msg timestamp="20210707 19:51:39.433" level="INFO">Typing text 'jarvis!' into text field 'css:input[name=password]'.</msg>
<status status="PASS" starttime="20210707 19:51:39.432" endtime="20210707 19:51:39.593"/>
</kw>
<kw name="Click Element" library="SeleniumLibrary">
<arg>class:btn-login</arg>
<doc>Click the element identified by ``locator``.</doc>
<msg timestamp="20210707 19:51:39.594" level="INFO">Clicking element 'class:btn-login'.</msg>
<status status="PASS" starttime="20210707 19:51:39.593" endtime="20210707 19:51:40.238"/>
</kw>
<status status="PASS" starttime="20210707 19:51:39.267" endtime="20210707 19:51:40.239"/>
</kw>
<kw name="Get WebElement" library="SeleniumLibrary">
<var>${message}</var>
<arg>id:flash</arg>
<doc>Returns the first WebElement matching the given ``locator``.</doc>
<msg timestamp="20210707 19:51:40.263" level="INFO">${message} = &lt;selenium.webdriver.remote.webelement.WebElement (session="7dad40c9a1718ea0a03c11ffee0b035b", element="4c1b5fcf-c2de-4be6-a5b2-6eecea5ebb34")&gt;</msg>
<status status="PASS" starttime="20210707 19:51:40.240" endtime="20210707 19:51:40.264"/>
</kw>
<kw name="Should Contain Login Alert">
<arg>O usuario informado não esta cadastrado!</arg>
<kw name="Get WebElement" library="SeleniumLibrary">
<var>${message}</var>
<arg>id:flash</arg>
<doc>Returns the first WebElement matching the given ``locator``.</doc>
<msg timestamp="20210707 19:51:40.279" level="INFO">${message} = &lt;selenium.webdriver.remote.webelement.WebElement (session="7dad40c9a1718ea0a03c11ffee0b035b", element="4c1b5fcf-c2de-4be6-a5b2-6eecea5ebb34")&gt;</msg>
<status status="PASS" starttime="20210707 19:51:40.267" endtime="20210707 19:51:40.279"/>
</kw>
<kw name="Should Contain" library="BuiltIn">
<arg>${message}</arg>
<arg>Senha é invalida!</arg>
<doc>Fails if ``container`` does not contain ``item`` one or more times.</doc>
<msg timestamp="20210707 19:51:40.280" level="FAIL">TypeError: argument of type 'WebElement' is not iterable</msg>
<status status="FAIL" starttime="20210707 19:51:40.280" endtime="20210707 19:51:40.281"/>
</kw>
<status status="FAIL" starttime="20210707 19:51:40.265" endtime="20210707 19:51:40.281"/>
</kw>
<kw name="Encerra sessão" library="base" type="TEARDOWN">
<kw name="Capture Page Screenshot" library="SeleniumLibrary">
<doc>Takes a screenshot of the current page and embeds it into a log file.</doc>
<msg timestamp="20210707 19:51:40.528" level="INFO" html="true">&lt;/td&gt;&lt;/tr&gt;&lt;tr&gt;&lt;td colspan="3"&gt;&lt;a href="selenium-screenshot-63.png"&gt;&lt;img src="selenium-screenshot-63.png" width="800px"&gt;&lt;/a&gt;</msg>
<status status="PASS" starttime="20210707 19:51:40.283" endtime="20210707 19:51:40.528"/>
</kw>
<kw name="Close Browser" library="SeleniumLibrary">
<doc>Closes the current browser.</doc>
<status status="PASS" starttime="20210707 19:51:40.529" endtime="20210707 19:51:44.131"/>
</kw>
<status status="PASS" starttime="20210707 19:51:40.282" endtime="20210707 19:51:44.131"/>
</kw>
<tag>login_user404</tag>
<status status="FAIL" starttime="20210707 19:51:31.790" endtime="20210707 19:51:44.132">TypeError: argument of type 'WebElement' is not iterable</status>
</test>
<status status="FAIL" starttime="20210707 19:51:07.169" endtime="20210707 19:51:44.136"/>
</suite>
<statistics>
<total>
<stat pass="0" fail="3" skip="0">All Tests</stat>
</total>
<tag>
<stat pass="0" fail="1" skip="0">login_error</stat>
<stat pass="0" fail="1" skip="0">login_user404</stat>
</tag>
<suite>
<stat pass="0" fail="3" skip="0" id="s1" name="Login Form">Login Form</stat>
</suite>
</statistics>
<errors>
</errors>
</robot>
