<?xml version="1.0" encoding="UTF-8"?>
<robot generator="Robot 4.0.3 (Python 3.8.5 on win32)" generated="20210630 18:15:53.635" rpa="false" schemaversion="2">
<suite id="s1" name="Test" source="c:\qaninja\robot\test.robot">
<test id="s1-t1" name="Deve retonar mensagem de boas vindas">
<kw name="Welcome" library="app">
<var>${result}</var>
<arg>Tamires</arg>
<msg timestamp="20210630 18:15:53.705" level="INFO">${result} = Ola Tamires, bem vindo ao curso basico de Robot Framework!</msg>
<status status="PASS" starttime="20210630 18:15:53.705" endtime="20210630 18:15:53.705"/>
</kw>
<kw name="Should Be Equal" library="BuiltIn">
<arg>${result}</arg>
<arg>Ola Tamires, bem vindo ao curso basico de Robot Framework!</arg>
<doc>Fails if the given objects are unequal.</doc>
<status status="PASS" starttime="20210630 18:15:53.706" endtime="20210630 18:15:53.706"/>
</kw>
<status status="PASS" starttime="20210630 18:15:53.703" endtime="20210630 18:15:53.707"/>
</test>
<status status="PASS" starttime="20210630 18:15:53.640" endtime="20210630 18:15:53.709"/>
</suite>
<statistics>
<total>
<stat pass="1" fail="0" skip="0">All Tests</stat>
</total>
<tag>
</tag>
<suite>
<stat pass="1" fail="0" skip="0" id="s1" name="Test">Test</stat>
</suite>
</statistics>
<errors>
</errors>
</robot>
